<?xml version="1.0" encoding="UTF-8"?>
<testsuite xmlns:xsi="http://www.w3.org/2001/XMLSchema-instance" xsi:noNamespaceSchemaLocation="https://maven.apache.org/surefire/maven-surefire-plugin/xsd/surefire-test-report-3.0.xsd" version="3.0" name="RecommenderTest.MapGenerationTest" time="0.049" tests="2" errors="2" skipped="0" failures="0">
  <properties>
[...]
</properties>
  <testcase name="MapGen2" classname="RecommenderTest.MapGenerationTest" time="0.011">
    <error message="&apos;java.util.HashMap edu.brown.cs.student.project1.MapGenerator.generateIntToKeyMap(java.lang.String[])&apos;" type="java.lang.NoSuchMethodError"><![CDATA[java.lang.NoSuchMethodError: 'java.util.HashMap edu.brown.cs.student.project1.MapGenerator.generateIntToKeyMap(java.lang.String[])'
	at RecommenderTest.MapGenerationTest.MapGen2(MapGenerationTest.java:29)
]]></error>
  </testcase>
  <testcase name="MapGenerate" classname="RecommenderTest.MapGenerationTest" time="0">
    <error message="&apos;java.util.HashMap edu.brown.cs.student.project1.MapGenerator.generateIntToKeyMap(java.lang.String[])&apos;" type="java.lang.NoSuchMethodError"><![CDATA[java.lang.NoSuchMethodError: 'java.util.HashMap edu.brown.cs.student.project1.MapGenerator.generateIntToKeyMap(java.lang.String[])'
	at RecommenderTest.MapGenerationTest.MapGenerate(MapGenerationTest.java:21)
]]></error>
  </testcase>
</testsuite>